00:00  INFO: GameServer commandline script started
00:00  INFO: GameServer launched on port 61234
00:02  INFO: Accepted new connection from /127.0.0.1
00:02  INFO: Waiting for player name...
00:02  INFO: Received player name: LobbyHoster_349.07512588813285_1652525759821
00:02  INFO: Connection to client /127.0.0.1 with name LobbyHoster_349.07512588813285_1652525759821 established
00:02  INFO: Match received, created lobby mylobby
00:02  INFO: Now closing connection to /127.0.0.1
00:02  INFO: Removed player name LobbyHoster_349.07512588813285_1652525759821
00:02  INFO: Accepted new connection from /127.0.0.1
00:02  INFO: Waiting for player name...
00:02  INFO: Received player name: foo
00:02  INFO: Connection to client /127.0.0.1 with name foo established
00:02  INFO: Player 0 joined lobby, initiating handshake
00:02  INFO: Player name for id 0: foo
00:02  INFO: The number of engines has just been increased to : 1
00:02  INFO: Removed player name foo
00:02  INFO: Accepted new connection from /127.0.0.1
00:02  INFO: Waiting for player name...
00:02  INFO: Received player name: bar
00:02  INFO: Connection to client /127.0.0.1 with name bar established
00:02  INFO: Player 1 joined lobby, initiating handshake
00:02  INFO: Player name for id 1: bar
00:02  INFO: The number of engines has just been increased to : 2
00:02  INFO: Starting game
00:02  INFO: Removed lobby with name mylobby
00:02  INFO: Removed player name foo
00:02  INFO: Removed player name bar
00:02  INFO: Registering referee "za.ac.sun.cs.ingenious.games.othello.OthelloReferee" as "OthelloReferee"
00:02  INFO: Registering referee "za.ac.sun.cs.ingenious.games.tictactoe.TTTReferee" as "TTTReferee"
00:02  INFO: Registering referee "za.ac.sun.cs.ingenious.games.loa.LOAController" as "LOAController"
00:02  INFO: Registering referee "za.ac.sun.cs.ingenious.games.cardGames.hearts.game.HeartsReferee" as "HeartsReferee"
00:02  INFO: Registering referee "za.ac.sun.cs.ingenious.games.bomberman.BMReferee" as "BMReferee"
00:02  INFO: Registering referee "za.ac.sun.cs.ingenious.games.mnk.MNKReferee" as "MNKReferee"
00:02  INFO: Registering referee "za.ac.sun.cs.ingenious.games.domineering.DomineeringReferee" as "DomineeringReferee"
00:02  INFO: Registering referee "za.ac.sun.cs.ingenious.games.go.GoReferee" as "GoReferee"
00:02  INFO: Registering referee "za.ac.sun.cs.ingenious.games.cardGames.uno.game.UnoReferee" as "UnoReferee"
00:02  INFO: Removed player name bar
00:02  INFO: ===================
00:02  INFO: Starting OthelloReferee
00:02  INFO: ===================
00:08  INFO: Game state is now:
00:08  INFO: 
Black Score: 4
White Score: 1
Next player: white
Board:
 |01234567
----------
0|********
1|********
2|***0****
3|***00***
4|***01***
5|********
6|********
7|********

00:08  INFO: Game state is now:
00:08  INFO: 
Black Score: 3
White Score: 3
Next player: black
Board:
 |01234567
----------
0|********
1|********
2|**10****
3|***10***
4|***01***
5|********
6|********
7|********

00:12  INFO: Game state is now:
00:12  INFO: 
Black Score: 5
White Score: 2
Next player: white
Board:
 |01234567
----------
0|********
1|********
2|*000****
3|***10***
4|***01***
5|********
6|********
7|********

00:12  INFO: Game state is now:
00:12  INFO: 
Black Score: 4
White Score: 4
Next player: black
Board:
 |01234567
----------
0|********
1|*1******
2|*010****
3|***10***
4|***01***
5|********
6|********
7|********

00:16  INFO: Game state is now:
00:16  INFO: 
Black Score: 6
White Score: 3
Next player: white
Board:
 |01234567
----------
0|********
1|*1******
2|*010****
3|***10***
4|***00***
5|****0***
6|********
7|********

00:16  INFO: Game state is now:
00:16  INFO: 
Black Score: 5
White Score: 5
Next player: black
Board:
 |01234567
----------
0|********
1|*1******
2|*010****
3|***111**
4|***00***
5|****0***
6|********
7|********

00:20  INFO: Game state is now:
00:20  INFO: 
Black Score: 9
White Score: 2
Next player: white
Board:
 |01234567
----------
0|0*******
1|*0******
2|*000****
3|***011**
4|***00***
5|****0***
6|********
7|********

00:20  INFO: Game state is now:
00:20  INFO: 
Black Score: 8
White Score: 4
Next player: black
Board:
 |01234567
----------
0|0*******
1|*01*****
2|*001****
3|***011**
4|***00***
5|****0***
6|********
7|********

00:23  INFO: Game state is now:
00:23  INFO: 
Black Score: 11
White Score: 2
Next player: white
Board:
 |01234567
----------
0|0*******
1|*000****
2|*000****
3|***011**
4|***00***
5|****0***
6|********
7|********

00:23  INFO: Game state is now:
00:23  INFO: 
Black Score: 10
White Score: 4
Next player: black
Board:
 |01234567
----------
0|0*******
1|*000****
2|*000****
3|**1111**
4|***00***
5|****0***
6|********
7|********

00:27  INFO: Game state is now:
00:27  INFO: 
Black Score: 12
White Score: 3
Next player: white
Board:
 |01234567
----------
0|0*******
1|*000****
2|*000**0*
3|**1110**
4|***00***
5|****0***
6|********
7|********

00:27  INFO: Game state is now:
00:27  INFO: 
Black Score: 11
White Score: 5
Next player: black
Board:
 |01234567
----------
0|0*******
1|*000****
2|*000**0*
3|**1110**
4|***10***
5|***10***
6|********
7|********

00:31  INFO: Game state is now:
00:31  INFO: 
Black Score: 15
White Score: 2
Next player: white
Board:
 |01234567
----------
0|0*******
1|*000****
2|*000**0*
3|**1010**
4|***00***
5|***00***
6|***0****
7|********

00:31  INFO: Game state is now:
00:31  INFO: 
Black Score: 13
White Score: 5
Next player: black
Board:
 |01234567
----------
0|0*******
1|*000****
2|*000**0*
3|**1010**
4|***01***
5|***01***
6|***01***
7|********

00:35  INFO: Game state is now:
00:35  INFO: 
Black Score: 16
White Score: 3
Next player: white
Board:
 |01234567
----------
0|0*******
1|*000****
2|*000**0*
3|**1010**
4|***01***
5|***00***
6|***000**
7|********

00:35  INFO: Game state is now:
00:35  INFO: 
Black Score: 15
White Score: 5
Next player: black
Board:
 |01234567
----------
0|0*******
1|*0001***
2|*001**0*
3|**1010**
4|***01***
5|***00***
6|***000**
7|********

00:39  INFO: Game state is now:
00:39  INFO: 
Black Score: 17
White Score: 4
Next player: white
Board:
 |01234567
----------
0|0*******
1|*00000**
2|*001**0*
3|**1010**
4|***01***
5|***00***
6|***000**
7|********

00:39  INFO: Game state is now:
00:39  INFO: 
Black Score: 15
White Score: 7
Next player: black
Board:
 |01234567
----------
0|0*******
1|*00000**
2|*001**0*
3|**1010**
4|***01***
5|***01***
6|***010**
7|****1***

00:43  INFO: Game state is now:
00:43  INFO: 
Black Score: 20
White Score: 3
Next player: white
Board:
 |01234567
----------
0|0*******
1|*00000**
2|*000**0*
3|**1000**
4|***000**
5|***00***
6|***010**
7|****1***

00:43  INFO: Game state is now:
00:43  INFO: 
Black Score: 17
White Score: 7
Next player: black
Board:
 |01234567
----------
0|0*******
1|*00000**
2|*0001*0*
3|**1010**
4|***010**
5|***01***
6|***010**
7|****1***

00:47  INFO: Game state is now:
00:47  INFO: 
Black Score: 20
White Score: 5
Next player: white
Board:
 |01234567
----------
0|0*******
1|*00000**
2|*000000*
3|**1000**
4|***010**
5|***01***
6|***010**
7|****1***

00:47  INFO: Game state is now:
00:47  INFO: 
Black Score: 19
White Score: 7
Next player: black
Board:
 |01234567
----------
0|0*******
1|*00000**
2|*000000*
3|**1000**
4|***010**
5|***01***
6|***0111*
7|****1***

00:51  INFO: Game state is now:
00:51  INFO: 
Black Score: 23
White Score: 4
Next player: white
Board:
 |01234567
----------
0|0*******
1|*00000**
2|*000000*
3|**1000**
4|***010**
5|***01***
6|***00000
7|****1***

00:51  INFO: Game state is now:
00:51  INFO: 
Black Score: 22
White Score: 6
Next player: black
Board:
 |01234567
----------
0|0*******
1|*00000**
2|*000000*
3|**1000**
4|***010**
5|***01*1*
6|***00100
7|****1***

00:55  INFO: Game state is now:
00:55  INFO: 
Black Score: 24
White Score: 5
Next player: white
Board:
 |01234567
----------
0|0*******
1|*00000**
2|*000000*
3|**1000**
4|***0100*
5|***01*0*
6|***00100
7|****1***

00:55  INFO: Game state is now:
00:55  INFO: 
Black Score: 22
White Score: 8
Next player: black
Board:
 |01234567
----------
0|0*1*****
1|*01000**
2|*010000*
3|**1000**
4|***0100*
5|***01*0*
6|***00100
7|****1***

00:58  INFO: Game state is now:
00:58  INFO: 
Black Score: 25
White Score: 6
Next player: white
Board:
 |01234567
----------
0|0*1*****
1|*01000**
2|*010000*
3|**1000**
4|***0100*
5|***00*0*
6|***00000
7|****1*0*

00:58  INFO: Game state is now:
00:58  INFO: 
Black Score: 24
White Score: 8
Next player: black
Board:
 |01234567
----------
0|0*1*****
1|*01000**
2|*010000*
3|**1000**
4|**11100*
5|***00*0*
6|***00000
7|****1*0*

01:01  INFO: Game state is now:
01:01  INFO: 
Black Score: 28
White Score: 5
Next player: white
Board:
 |01234567
----------
0|0*1*****
1|*01000**
2|*000000*
3|*00000**
4|**01100*
5|***00*0*
6|***00000
7|****1*0*

01:02  INFO: Game state is now:
01:02  INFO: 
Black Score: 23
White Score: 11
Next player: black
Board:
 |01234567
----------
0|0*1*****
1|*011111*
2|*000010*
3|*00010**
4|**01100*
5|***00*0*
6|***00000
7|****1*0*

01:04  INFO: Game state is now:
01:04  INFO: 
Black Score: 27
White Score: 8
Next player: white
Board:
 |01234567
----------
0|0*1**0**
1|*011001*
2|*000000*
3|*00010**
4|**01100*
5|***00*0*
6|***00000
7|****1*0*

01:04  INFO: Game state is now:
01:04  INFO: 
Black Score: 25
White Score: 11
Next player: black
Board:
 |01234567
----------
0|0*1**0**
1|*011001*
2|*010000*
3|*10010**
4|1*01100*
5|***00*0*
6|***00000
7|****1*0*

01:06  INFO: Game state is now:
01:06  INFO: 
Black Score: 27
White Score: 10
Next player: white
Board:
 |01234567
----------
0|0*1**0**
1|*011001*
2|*010000*
3|*00010**
4|1001100*
5|***00*0*
6|***00000
7|****1*0*

01:06  INFO: Game state is now:
01:06  INFO: 
Black Score: 25
White Score: 13
Next player: black
Board:
 |01234567
----------
0|0*1**0**
1|*011001*
2|*010000*
3|*00010**
4|1001100*
5|***10*0*
6|***10000
7|***11*0*

01:09  INFO: Game state is now:
01:09  INFO: 
Black Score: 27
White Score: 12
Next player: white
Board:
 |01234567
----------
0|0*1**0*0
1|*011000*
2|*010000*
3|*00010**
4|1001100*
5|***10*0*
6|***10000
7|***11*0*

01:09  INFO: Game state is now:
01:09  INFO: 
Black Score: 24
White Score: 16
Next player: black
Board:
 |01234567
----------
0|0*1**0*0
1|*011000*
2|*010000*
3|*000111*
4|1001110*
5|***11*0*
6|***10000
7|***11*0*

01:13  INFO: Game state is now:
01:13  INFO: 
Black Score: 28
White Score: 13
Next player: white
Board:
 |01234567
----------
0|0*1**0*0
1|*011000*
2|*010000*
3|*0000000
4|1001110*
5|***11*0*
6|***10000
7|***11*0*

01:13  INFO: Game state is now:
01:13  INFO: 
Black Score: 27
White Score: 15
Next player: black
Board:
 |01234567
----------
0|0*1**0*0
1|*011000*
2|*010000*
3|*0000000
4|1001110*
5|***1110*
6|***11000
7|***11*0*

01:17  INFO: Game state is now:
01:17  INFO: 
Black Score: 32
White Score: 11
Next player: white
Board:
 |01234567
----------
0|0*1**0*0
1|*011000*
2|*010000*
3|*0000000
4|1000110*
5|**00000*
6|***11000
7|***11*0*

01:17  INFO: Game state is now:
01:17  INFO: 
Black Score: 27
White Score: 17
Next player: black
Board:
 |01234567
----------
0|0*1**0*0
1|*011000*
2|*0111111
3|*0000010
4|1000110*
5|**00000*
6|***11000
7|***11*0*

01:21  INFO: Game state is now:
01:21  INFO: 
Black Score: 30
White Score: 15
Next player: white
Board:
 |01234567
----------
0|0*1**0*0
1|*011000*
2|*0111011
3|*0000000
4|10001100
5|**00000*
6|***11000
7|***11*0*

01:21  INFO: Game state is now:
01:21  INFO: 
Black Score: 29
White Score: 17
Next player: black
Board:
 |01234567
----------
0|0*1**0*0
1|1111000*
2|*0111011
3|*0000000
4|10001100
5|**00000*
6|***11000
7|***11*0*

01:24  INFO: Game state is now:
01:24  INFO: 
Black Score: 31
White Score: 16
Next player: white
Board:
 |01234567
----------
0|0*1**0*0
1|1111000*
2|*0111011
3|*0000000
4|10001100
5|**00000*
6|***10000
7|***1100*

01:24  INFO: Game state is now:
01:24  INFO: 
Black Score: 28
White Score: 20
Next player: black
Board:
 |01234567
----------
0|0*1**0*0
1|1111000*
2|*1111011
3|10000000
4|11001100
5|**10000*
6|***10000
7|***1100*

01:28  INFO: Game state is now:
01:28  INFO: 
Black Score: 32
White Score: 17
Next player: white
Board:
 |01234567
----------
0|0*1**0*0
1|1111000*
2|*1111011
3|10000000
4|11001100
5|**10000*
6|***00000
7|**00000*

01:28  INFO: Game state is now:
01:28  INFO: 
Black Score: 24
White Score: 26
Next player: black
Board:
 |01234567
----------
0|0*1**0*0
1|1111000*
2|*1111011
3|10000101
4|11001111
5|**111111
6|***00000
7|**00000*

01:31  INFO: Game state is now:
01:31  INFO: 
Black Score: 29
White Score: 22
Next player: white
Board:
 |01234567
----------
0|0*1**0*0
1|11110000
2|*1111010
3|10000100
4|11001110
5|**111110
6|***00000
7|**00000*

01:31  INFO: Game state is now:
01:31  INFO: 
Black Score: 27
White Score: 25
Next player: black
Board:
 |01234567
----------
0|0*1*10*0
1|11111100
2|*1111010
3|10000100
4|11001110
5|**111110
6|***00000
7|**00000*

01:31  INFO: Game state is now:
01:31  INFO: 
Black Score: 30
White Score: 23
Next player: white
Board:
 |01234567
----------
0|0*1*1000
1|11111000
2|*1110010
3|10000100
4|11001110
5|**111110
6|***00000
7|**00000*

01:31  INFO: Game state is now:
01:31  INFO: 
Black Score: 28
White Score: 26
Next player: black
Board:
 |01234567
----------
0|0*1*1000
1|11111000
2|11110010
3|11000100
4|11101110
5|**111110
6|***00000
7|**00000*

01:31  INFO: Game state is now:
01:31  INFO: 
Black Score: 33
White Score: 22
Next player: white
Board:
 |01234567
----------
0|0*100000
1|11100000
2|11100010
3|11000100
4|11101110
5|**111110
6|***00000
7|**00000*

01:31  INFO: Game state is now:
01:31  INFO: 
Black Score: 32
White Score: 24
Next player: black
Board:
 |01234567
----------
0|0*100000
1|11100000
2|11100010
3|11000100
4|11101110
5|**111110
6|***00010
7|**000001

01:31  INFO: Game state is now:
01:31  INFO: 
Black Score: 39
White Score: 18
Next player: white
Board:
 |01234567
----------
0|0*100000
1|11100000
2|11100000
3|11000000
4|11000110
5|**001110
6|**000010
7|**000001

01:31  INFO: Game state is now:
01:31  INFO: 
Black Score: 37
White Score: 21
Next player: black
Board:
 |01234567
----------
0|0*100000
1|11100000
2|11100000
3|11000000
4|11000110
5|*1111110
6|**000010
7|**000001

01:31  INFO: Game state is now:
01:31  INFO: 
Black Score: 49
White Score: 10
Next player: white
Board:
 |01234567
----------
0|0*100000
1|01100000
2|01100000
3|01000000
4|00000110
5|00000000
6|**000010
7|**000001

01:31  INFO: Game state is now:
01:31  INFO: 
Black Score: 43
White Score: 17
Next player: black
Board:
 |01234567
----------
0|0*100000
1|01100000
2|01100000
3|01000000
4|01000110
5|01000000
6|*1111110
7|**000001

01:31  INFO: Game state is now:
01:31  INFO: 
Black Score: 46
White Score: 15
Next player: white
Board:
 |01234567
----------
0|00000000
1|01000000
2|01100000
3|01000000
4|01000110
5|01000000
6|*1111110
7|**000001

01:31  INFO: Game state is now:
01:31  INFO: 
Black Score: 41
White Score: 21
Next player: black
Board:
 |01234567
----------
0|00000000
1|01000000
2|01100000
3|01000000
4|01000110
5|01000000
6|*1111110
7|*1111111

01:35  INFO: Game state is now:
01:35  INFO: 
Black Score: 49
White Score: 14
Next player: white
Board:
 |01234567
----------
0|00000000
1|01000000
2|01100000
3|01000000
4|01000110
5|00000000
6|00000000
7|*1111111

01:35  INFO: Game has terminated!
01:35  INFO: Final scores:
01:35  INFO: Player 0 (foo): 49.0
01:35  INFO: Player 1 (bar): 14.0
01:35  INFO: ========================
01:35  INFO: Shutting down OthelloReferee
01:35  INFO: ========================
