00:00  INFO: Client commandline script started
00:00  INFO: Connecting to localhost:61234
00:00  INFO: Registering: foo
00:00  INFO: Refresh requested
00:00  INFO: 
Black Score: 2
White Score: 2
Next player: black
Board:
 |01234567
----------
0|********
1|********
2|********
3|***10***
4|***01***
5|********
6|********
7|********

00:05  INFO: Player chose move: 23
00:05  INFO: 
Black Score: 3
White Score: 3
Next player: black
Board:
 |01234567
----------
0|********
1|********
2|**10****
3|***10***
4|***01***
5|********
6|********
7|********

00:09  INFO: Player chose move: 21
00:09  INFO: 
Black Score: 4
White Score: 4
Next player: black
Board:
 |01234567
----------
0|********
1|*1******
2|*010****
3|***10***
4|***01***
5|********
6|********
7|********

00:13  INFO: Player chose move: 54
00:13  INFO: 
Black Score: 5
White Score: 5
Next player: black
Board:
 |01234567
----------
0|********
1|*1******
2|*010****
3|***111**
4|***00***
5|****0***
6|********
7|********

00:17  INFO: Player chose move: 00
00:17  INFO: 
Black Score: 8
White Score: 4
Next player: black
Board:
 |01234567
----------
0|0*******
1|*01*****
2|*001****
3|***011**
4|***00***
5|****0***
6|********
7|********

00:21  INFO: Player chose move: 13
00:21  INFO: 
Black Score: 10
White Score: 4
Next player: black
Board:
 |01234567
----------
0|0*******
1|*000****
2|*000****
3|**1111**
4|***00***
5|****0***
6|********
7|********

00:25  INFO: Player chose move: 26
00:25  INFO: 
Black Score: 11
White Score: 5
Next player: black
Board:
 |01234567
----------
0|0*******
1|*000****
2|*000**0*
3|**1110**
4|***10***
5|***10***
6|********
7|********

00:29  INFO: Player chose move: 63
00:29  INFO: 
Black Score: 13
White Score: 5
Next player: black
Board:
 |01234567
----------
0|0*******
1|*000****
2|*000**0*
3|**1010**
4|***01***
5|***01***
6|***01***
7|********

00:33  INFO: Player chose move: 65
00:33  INFO: 
Black Score: 15
White Score: 5
Next player: black
Board:
 |01234567
----------
0|0*******
1|*0001***
2|*001**0*
3|**1010**
4|***01***
5|***00***
6|***000**
7|********

00:37  INFO: Player chose move: 15
00:37  INFO: 
Black Score: 15
White Score: 7
Next player: black
Board:
 |01234567
----------
0|0*******
1|*00000**
2|*001**0*
3|**1010**
4|***01***
5|***01***
6|***010**
7|****1***

00:41  INFO: Player chose move: 45
00:41  INFO: 
Black Score: 17
White Score: 7
Next player: black
Board:
 |01234567
----------
0|0*******
1|*00000**
2|*0001*0*
3|**1010**
4|***010**
5|***01***
6|***010**
7|****1***

00:45  INFO: Player chose move: 25
00:45  INFO: 
Black Score: 19
White Score: 7
Next player: black
Board:
 |01234567
----------
0|0*******
1|*00000**
2|*000000*
3|**1000**
4|***010**
5|***01***
6|***0111*
7|****1***

00:49  INFO: Player chose move: 67
00:49  INFO: 
Black Score: 22
White Score: 6
Next player: black
Board:
 |01234567
----------
0|0*******
1|*00000**
2|*000000*
3|**1000**
4|***010**
5|***01*1*
6|***00100
7|****1***

00:53  INFO: Player chose move: 46
00:53  INFO: 
Black Score: 22
White Score: 8
Next player: black
Board:
 |01234567
----------
0|0*1*****
1|*01000**
2|*010000*
3|**1000**
4|***0100*
5|***01*0*
6|***00100
7|****1***

00:56  INFO: Player chose move: 76
00:56  INFO: 
Black Score: 24
White Score: 8
Next player: black
Board:
 |01234567
----------
0|0*1*****
1|*01000**
2|*010000*
3|**1000**
4|**11100*
5|***00*0*
6|***00000
7|****1*0*

00:59  INFO: Player chose move: 31
00:59  INFO: 
Black Score: 23
White Score: 11
Next player: black
Board:
 |01234567
----------
0|0*1*****
1|*011111*
2|*000010*
3|*00010**
4|**01100*
5|***00*0*
6|***00000
7|****1*0*

01:01  INFO: Player chose move: 05
01:02  INFO: 
Black Score: 25
White Score: 11
Next player: black
Board:
 |01234567
----------
0|0*1**0**
1|*011001*
2|*010000*
3|*10010**
4|1*01100*
5|***00*0*
6|***00000
7|****1*0*

01:04  INFO: Player chose move: 41
01:04  INFO: 
Black Score: 25
White Score: 13
Next player: black
Board:
 |01234567
----------
0|0*1**0**
1|*011001*
2|*010000*
3|*00010**
4|1001100*
5|***10*0*
6|***10000
7|***11*0*

01:07  INFO: Player chose move: 07
01:07  INFO: 
Black Score: 24
White Score: 16
Next player: black
Board:
 |01234567
----------
0|0*1**0*0
1|*011000*
2|*010000*
3|*000111*
4|1001110*
5|***11*0*
6|***10000
7|***11*0*

01:11  INFO: Player chose move: 37
01:11  INFO: 
Black Score: 27
White Score: 15
Next player: black
Board:
 |01234567
----------
0|0*1**0*0
1|*011000*
2|*010000*
3|*0000000
4|1001110*
5|***1110*
6|***11000
7|***11*0*

01:15  INFO: Player chose move: 52
01:15  INFO: 
Black Score: 27
White Score: 17
Next player: black
Board:
 |01234567
----------
0|0*1**0*0
1|*011000*
2|*0111111
3|*0000010
4|1000110*
5|**00000*
6|***11000
7|***11*0*

01:19  INFO: Player chose move: 47
01:19  INFO: 
Black Score: 29
White Score: 17
Next player: black
Board:
 |01234567
----------
0|0*1**0*0
1|1111000*
2|*0111011
3|*0000000
4|10001100
5|**00000*
6|***11000
7|***11*0*

01:21  INFO: Player chose move: 75
01:22  INFO: 
Black Score: 28
White Score: 20
Next player: black
Board:
 |01234567
----------
0|0*1**0*0
1|1111000*
2|*1111011
3|10000000
4|11001100
5|**10000*
6|***10000
7|***1100*

01:25  INFO: Player chose move: 72
01:25  INFO: 
Black Score: 24
White Score: 26
Next player: black
Board:
 |01234567
----------
0|0*1**0*0
1|1111000*
2|*1111011
3|10000101
4|11001111
5|**111111
6|***00000
7|**00000*

01:28  INFO: Player chose move: 17
01:28  INFO: 
Black Score: 27
White Score: 25
Next player: black
Board:
 |01234567
----------
0|0*1*10*0
1|11111100
2|*1111010
3|10000100
4|11001110
5|**111110
6|***00000
7|**00000*

01:29  INFO: Player chose move: 06
01:29  INFO: 
Black Score: 28
White Score: 26
Next player: black
Board:
 |01234567
----------
0|0*1*1000
1|11111000
2|11110010
3|11000100
4|11101110
5|**111110
6|***00000
7|**00000*

01:29  INFO: Player chose move: 03
01:29  INFO: 
Black Score: 32
White Score: 24
Next player: black
Board:
 |01234567
----------
0|0*100000
1|11100000
2|11100010
3|11000100
4|11101110
5|**111110
6|***00010
7|**000001

01:29  INFO: Player chose move: 62
01:29  INFO: 
Black Score: 37
White Score: 21
Next player: black
Board:
 |01234567
----------
0|0*100000
1|11100000
2|11100000
3|11000000
4|11000110
5|*1111110
6|**000010
7|**000001

01:29  INFO: Player chose move: 50
01:29  INFO: 
Black Score: 43
White Score: 17
Next player: black
Board:
 |01234567
----------
0|0*100000
1|01100000
2|01100000
3|01000000
4|01000110
5|01000000
6|*1111110
7|**000001

01:29  INFO: Player chose move: 01
01:29  INFO: 
Black Score: 41
White Score: 21
Next player: black
Board:
 |01234567
----------
0|00000000
1|01000000
2|01100000
3|01000000
4|01000110
5|01000000
6|*1111110
7|*1111111

01:33  INFO: Player chose move: 60
01:33  INFO: 
Black Score: 49
White Score: 14
Next player: white
Board:
 |01234567
----------
0|00000000
1|01000000
2|01100000
3|01000000
4|01000110
5|00000000
6|00000000
7|*1111111

01:33  INFO: Player 0:  game terminated received
01:33  INFO: You (player 1) won!
