00:00  INFO: Client commandline script started
00:00  INFO: Connecting to localhost:61234
00:00  INFO: Registering: foo
00:00  INFO: Refresh requested
00:00  INFO: 
Black Score: 2
White Score: 2
Next player: black
Board:
 |01234567
----------
0|********
1|********
2|********
3|***10***
4|***01***
5|********
6|********
7|********

00:04  INFO: Player chose move: 23
00:05  INFO: 
Black Score: 3
White Score: 3
Next player: black
Board:
 |01234567
----------
0|********
1|********
2|***0****
3|***00***
4|**111***
5|********
6|********
7|********

00:07  INFO: Player chose move: 54
00:07  INFO: 
Black Score: 3
White Score: 5
Next player: black
Board:
 |01234567
----------
0|********
1|***1****
2|***1****
3|***10***
4|**110***
5|****0***
6|********
7|********

00:11  INFO: Player chose move: 41
00:11  INFO: 
Black Score: 5
White Score: 5
Next player: black
Board:
 |01234567
----------
0|********
1|***1****
2|***1****
3|***10***
4|*0010***
5|***10***
6|********
7|********

