00:00  INFO: Client commandline script started
00:00  INFO: Connecting to localhost:61235
00:00  INFO: Registering: foo
00:00  INFO: Refresh requested
00:00  INFO: 
Black Score: 2
White Score: 2
Next player: black
Board:
 |01234567
----------
0|********
1|********
2|********
3|***10***
4|***01***
5|********
6|********
7|********

00:05  INFO: Player chose move: 23
00:05  INFO: 
Black Score: 3
White Score: 3
Next player: black
Board:
 |01234567
----------
0|********
1|********
2|***0****
3|***00***
4|**111***
5|********
6|********
7|********

00:09  INFO: Player chose move: 54
00:09  INFO: 
Black Score: 4
White Score: 4
Next player: black
Board:
 |01234567
----------
0|********
1|********
2|***0****
3|***00***
4|**110***
5|****1***
6|*****1**
7|********

00:13  INFO: Player chose move: 41
00:13  INFO: 
Black Score: 6
White Score: 4
Next player: black
Board:
 |01234567
----------
0|********
1|********
2|***0****
3|**100***
4|*0010***
5|****1***
6|*****1**
7|********

00:16  INFO: Player chose move: 31
00:16  INFO: 
Black Score: 7
White Score: 5
Next player: black
Board:
 |01234567
----------
0|********
1|********
2|***0****
3|*0000***
4|*00111**
5|****1***
6|*****1**
7|********

00:19  INFO: Player chose move: 76
